<?xml version="1.0" encoding="UTF-8"?>
<robot generator="Robot 3.2.2 (Python 3.6.8 on win32)" generated="20201011 02:30:32.149" rpa="false">
<suite id="s1" name="AutoSSS" source="C:\Users\pan\Desktop\StickerSender\AutoSSS">
<suite id="s1-s1" name="RobotTests" source="C:\Users\pan\Desktop\StickerSender\AutoSSS\RobotTests">
<suite id="s1-s1-s1" name="Regression Test" source="C:\Users\pan\Desktop\StickerSender\AutoSSS\RobotTests\Regression Test">
<suite id="s1-s1-s1-s1" name="Mycat" source="C:\Users\pan\Desktop\StickerSender\AutoSSS\RobotTests\Regression Test\mycat.robot">
<kw name="Run Keyword" library="BuiltIn" type="setup">
<doc>Executes the given keyword with the given arguments.</doc>
<arguments>
<arg>Login Mycat Magnage Interface</arg>
</arguments>
<kw name="Login Mycat Magnage Interface">
<kw name="Open Chrome">
<doc>Opens the calculator app with a new appium session.</doc>
<kw name="Open Application" library="AppiumLibrary">
<doc>Opens a new application to given Appium server.
Capabilities of appium server, Android and iOS,
Please check https://github.com/appium/appium/blob/master/docs/en/writing-running-appium/server-args.md
| *Option*            | *Man.* | *Description*     |
| remote_url          | Yes    | Appium server url |
| alias               | no     | alias             |</doc>
<arguments>
<arg>http://localhost:4723/wd/hub</arg>
<arg>platformName=Android</arg>
<arg>platformVersion=9</arg>
<arg>alias=MyChrome1</arg>
<arg>deviceName=${hauweiDeviceName}</arg>
<arg>noReset=true</arg>
<arg>browserName=Chrome</arg>
<arg>automationName=uiautomator2</arg>
</arguments>
<status status="PASS" starttime="20201011 02:30:32.366" endtime="20201011 02:30:45.854"></status>
</kw>
<status status="PASS" starttime="20201011 02:30:32.365" endtime="20201011 02:30:45.854"></status>
</kw>
<kw name="Go To Url" library="AppiumLibrary">
<doc>Opens URL in default web browser.</doc>
<arguments>
<arg>https://mycat.tw/goadmin.php</arg>
</arguments>
<status status="PASS" starttime="20201011 02:30:45.855" endtime="20201011 02:30:46.748"></status>
</kw>
<kw name="Switch To Context" library="AppiumLibrary">
<doc>Switch to a new context</doc>
<arguments>
<arg>NATIVE_APP</arg>
</arguments>
<status status="PASS" starttime="20201011 02:30:46.748" endtime="20201011 02:30:46.750"></status>
</kw>
<kw name="Wait Until Element Is Visible" library="AppiumLibrary">
<doc>Waits until element specified with `locator` is visible.</doc>
<arguments>
<arg>//*[@class='android.widget.EditText' and @password ='false']</arg>
<arg>timeout=30s</arg>
<arg>error=Password input should be visible.</arg>
</arguments>
<status status="PASS" starttime="20201011 02:30:46.751" endtime="20201011 02:30:47.702"></status>
</kw>
<kw name="Input Text" library="AppiumLibrary">
<doc>Types the given `text` into text field identified by `locator`.</doc>
<arguments>
<arg>//*[@class='android.widget.EditText' and @password ='false']</arg>
<arg>20140002</arg>
</arguments>
<msg timestamp="20201011 02:30:47.703" level="INFO">Typing text '20140002' into text field '//*[@class='android.widget.EditText' and @password ='false']'</msg>
<status status="PASS" starttime="20201011 02:30:47.702" endtime="20201011 02:30:48.079"></status>
</kw>
<kw name="Input Text" library="AppiumLibrary">
<doc>Types the given `text` into text field identified by `locator`.</doc>
<arguments>
<arg>//*[@text='登入密碼']</arg>
<arg>20140002</arg>
</arguments>
<msg timestamp="20201011 02:30:48.080" level="INFO">Typing text '20140002' into text field '//*[@text='登入密碼']'</msg>
<status status="PASS" starttime="20201011 02:30:48.079" endtime="20201011 02:30:48.776"></status>
</kw>
<kw name="Click Element" library="AppiumLibrary">
<doc>Click element identified by `locator`.</doc>
<arguments>
<arg>//*[@resource-id='submit']</arg>
</arguments>
<msg timestamp="20201011 02:30:48.777" level="INFO">Clicking element '//*[@resource-id='submit']'.</msg>
<status status="PASS" starttime="20201011 02:30:48.776" endtime="20201011 02:30:49.757"></status>
</kw>
<kw name="Wait Until Element Is Visible" library="AppiumLibrary">
<doc>Waits until element specified with `locator` is visible.</doc>
<arguments>
<arg>xpath=//*[contains(@text, '解除鎖定')]</arg>
<arg>timeout=${slowNetPeriod}</arg>
<arg>error=Web should be login.</arg>
</arguments>
<status status="PASS" starttime="20201011 02:30:49.757" endtime="20201011 02:30:55.076"></status>
</kw>
<status status="PASS" starttime="20201011 02:30:32.365" endtime="20201011 02:30:55.076"></status>
</kw>
<status status="PASS" starttime="20201011 02:30:32.365" endtime="20201011 02:30:55.076"></status>
</kw>
<test id="s1-s1-s1-s1-t1" name="Automatically send taiwan sticker mycat">
<kw name="Run Keywords" library="BuiltIn" type="setup">
<doc>Executes all the given keywords in a sequence.</doc>
<arguments>
<arg>Get Processing Sticker</arg>
<arg>AND</arg>
<arg>Get Taiwan Sticker Number</arg>
</arguments>
<kw name="Get Processing Sticker">
<kw name="Get Matching Xpath Count" library="AppiumLibrary">
<doc>Returns number of elements matching ``xpath``</doc>
<arguments>
<arg>//*[@class='android.widget.ListView' and @index='15']//*[@class='android.view.View' and @index='7']//*[@class='android.widget.TextView']</arg>
</arguments>
<assign>
<var>${X}</var>
</assign>
<msg timestamp="20201011 02:30:57.098" level="INFO">${X} = 1</msg>
<status status="PASS" starttime="20201011 02:30:55.078" endtime="20201011 02:30:57.098"></status>
</kw>
<kw name="Wait Until Element Is Visible On Page">
<arguments>
<arg>//*[@class='android.widget.ListView' and @index='15']//*[@class='android.view.View' and @index='7']//*[@class='android.widget.TextView']</arg>
<arg>timeout=${slowNetPeriod}</arg>
<arg>error=Taiwanese sticker should be visible.</arg>
</arguments>
<kw name="Wait Until Page Contains Element" library="AppiumLibrary">
<doc>Waits until element specified with `locator` appears on current page.</doc>
<arguments>
<arg>${locator}</arg>
<arg>${timeout}</arg>
<arg>${error}</arg>
</arguments>
<status status="PASS" starttime="20201011 02:30:57.099" endtime="20201011 02:30:58.842"></status>
</kw>
<kw name="Wait Until Element Is Visible" library="AppiumLibrary">
<doc>Waits until element specified with `locator` is visible.</doc>
<arguments>
<arg>${locator}</arg>
<arg>${timeout}</arg>
<arg>${error}</arg>
</arguments>
<status status="PASS" starttime="20201011 02:30:58.842" endtime="20201011 02:31:00.647"></status>
</kw>
<status status="PASS" starttime="20201011 02:30:57.098" endtime="20201011 02:31:00.648"></status>
</kw>
<kw name="Get Text" library="AppiumLibrary">
<doc>Get element text (for hybrid and mobile browser use `xpath` locator, others might cause problem)</doc>
<arguments>
<arg>//*[@class='android.widget.ListView' and @index='15']//*[@class='android.view.View' and @index='7']//*[@class='android.widget.TextView']</arg>
</arguments>
<assign>
<var>${processing}</var>
</assign>
<msg timestamp="20201011 02:31:02.767" level="INFO">Element '//*[@class='android.widget.ListView' and @index='15']//*[@class='android.view.View' and @index='7']//*[@class='android.widget.TextView']' text is '0' </msg>
<msg timestamp="20201011 02:31:02.768" level="INFO">${processing} = 0</msg>
<status status="PASS" starttime="20201011 02:31:00.648" endtime="20201011 02:31:02.768"></status>
</kw>
<kw name="Run Keyword If" library="BuiltIn">
<doc>Runs the given keyword with the given arguments, if ``condition`` is true.</doc>
<arguments>
<arg>${processing}!=0</arg>
<arg>Refresh Management Page After Unlock Permission</arg>
</arguments>
<status status="PASS" starttime="20201011 02:31:02.768" endtime="20201011 02:31:02.768"></status>
</kw>
<status status="PASS" starttime="20201011 02:30:55.077" endtime="20201011 02:31:02.768"></status>
</kw>
<kw name="Get Taiwan Sticker Number">
<kw name="Get Matching Xpath Count" library="AppiumLibrary">
<doc>Returns number of elements matching ``xpath``</doc>
<arguments>
<arg>//*[@class='android.widget.ListView' and @index='13']//*[@class='android.view.View' and @index='1']